[2025-03-09T22:04:51.186+0000] {manager.py:483} INFO - Processing files using up to 2 processes at a time 
[2025-03-09T22:04:51.187+0000] {manager.py:484} INFO - Process each file at most once every 30 seconds
[2025-03-09T22:04:51.187+0000] {manager.py:485} INFO - Checking for new files in /opt/airflow/dags every 300 seconds
[2025-03-09T22:04:51.188+0000] {manager.py:821} INFO - Searching for files in /opt/airflow/dags
[2025-03-09T22:04:51.192+0000] {manager.py:824} INFO - There are 0 files in /opt/airflow/dags
[2025-03-09T22:09:51.596+0000] {manager.py:821} INFO - Searching for files in /opt/airflow/dags
[2025-03-09T22:09:51.603+0000] {manager.py:824} INFO - There are 0 files in /opt/airflow/dags
[2025-03-09T22:14:51.990+0000] {manager.py:821} INFO - Searching for files in /opt/airflow/dags
[2025-03-09T22:14:52.001+0000] {manager.py:824} INFO - There are 0 files in /opt/airflow/dags
[2025-03-09T22:19:52.377+0000] {manager.py:821} INFO - Searching for files in /opt/airflow/dags
[2025-03-09T22:19:52.386+0000] {manager.py:824} INFO - There are 0 files in /opt/airflow/dags
[2025-03-09T22:24:52.813+0000] {manager.py:821} INFO - Searching for files in /opt/airflow/dags
[2025-03-09T22:24:52.821+0000] {manager.py:824} INFO - There are 0 files in /opt/airflow/dags
[2025-03-09T22:29:53.174+0000] {manager.py:821} INFO - Searching for files in /opt/airflow/dags
[2025-03-09T22:29:53.227+0000] {manager.py:824} INFO - There are 0 files in /opt/airflow/dags
[2025-03-09T22:34:53.736+0000] {manager.py:821} INFO - Searching for files in /opt/airflow/dags
[2025-03-09T22:34:53.742+0000] {manager.py:824} INFO - There are 0 files in /opt/airflow/dags
[2025-03-09T22:39:54.237+0000] {manager.py:821} INFO - Searching for files in /opt/airflow/dags
[2025-03-09T22:39:54.244+0000] {manager.py:824} INFO - There are 0 files in /opt/airflow/dags
[2025-03-09T22:44:54.762+0000] {manager.py:821} INFO - Searching for files in /opt/airflow/dags
[2025-03-09T22:44:54.812+0000] {manager.py:824} INFO - There are 0 files in /opt/airflow/dags
[2025-03-09T22:49:55.378+0000] {manager.py:821} INFO - Searching for files in /opt/airflow/dags
[2025-03-09T22:49:55.385+0000] {manager.py:824} INFO - There are 0 files in /opt/airflow/dags
[2025-03-09T22:54:55.462+0000] {manager.py:821} INFO - Searching for files in /opt/airflow/dags
[2025-03-09T22:54:55.470+0000] {manager.py:824} INFO - There are 0 files in /opt/airflow/dags
[2025-03-09T22:59:56.287+0000] {manager.py:821} INFO - Searching for files in /opt/airflow/dags
[2025-03-09T22:59:56.350+0000] {manager.py:824} INFO - There are 0 files in /opt/airflow/dags
[2025-03-09T23:04:56.402+0000] {manager.py:821} INFO - Searching for files in /opt/airflow/dags
[2025-03-09T23:04:56.430+0000] {manager.py:824} INFO - There are 0 files in /opt/airflow/dags
[2025-03-09T23:09:56.681+0000] {manager.py:821} INFO - Searching for files in /opt/airflow/dags
[2025-03-09T23:09:56.742+0000] {manager.py:824} INFO - There are 0 files in /opt/airflow/dags
[2025-03-09T23:14:57.217+0000] {manager.py:821} INFO - Searching for files in /opt/airflow/dags
[2025-03-09T23:14:57.224+0000] {manager.py:824} INFO - There are 0 files in /opt/airflow/dags
[2025-03-09T23:15:11.803+0000] {manager.py:465} INFO - Exiting gracefully upon receiving signal 15
[2025-03-09T23:17:51.149+0000] {manager.py:483} INFO - Processing files using up to 2 processes at a time 
[2025-03-09T23:17:51.150+0000] {manager.py:484} INFO - Process each file at most once every 30 seconds
[2025-03-09T23:17:51.151+0000] {manager.py:485} INFO - Checking for new files in /opt/airflow/dags every 300 seconds
[2025-03-09T23:17:51.152+0000] {manager.py:821} INFO - Searching for files in /opt/airflow/dags
[2025-03-09T23:17:51.157+0000] {manager.py:824} INFO - There are 0 files in /opt/airflow/dags
[2025-03-09T23:22:51.200+0000] {manager.py:821} INFO - Searching for files in /opt/airflow/dags
[2025-03-09T23:22:51.220+0000] {manager.py:824} INFO - There are 0 files in /opt/airflow/dags
[2025-03-09T23:25:43.139+0000] {manager.py:465} INFO - Exiting gracefully upon receiving signal 15
[2025-03-09T23:29:42.403+0000] {manager.py:483} INFO - Processing files using up to 2 processes at a time 
[2025-03-09T23:29:42.405+0000] {manager.py:484} INFO - Process each file at most once every 30 seconds
[2025-03-09T23:29:42.405+0000] {manager.py:485} INFO - Checking for new files in /opt/airflow/dags every 300 seconds
[2025-03-09T23:29:42.406+0000] {manager.py:821} INFO - Searching for files in /opt/airflow/dags
[2025-03-09T23:29:42.413+0000] {manager.py:824} INFO - There are 0 files in /opt/airflow/dags
[2025-03-09T23:44:07.786+0000] {manager.py:821} INFO - Searching for files in /opt/airflow/dags
[2025-03-09T23:44:07.807+0000] {manager.py:824} INFO - There are 0 files in /opt/airflow/dags
[2025-03-09T23:49:08.370+0000] {manager.py:821} INFO - Searching for files in /opt/airflow/dags
[2025-03-09T23:49:08.378+0000] {manager.py:824} INFO - There are 0 files in /opt/airflow/dags
[2025-03-09T23:49:37.867+0000] {manager.py:465} INFO - Exiting gracefully upon receiving signal 15
[2025-03-09T23:53:12.304+0000] {manager.py:483} INFO - Processing files using up to 2 processes at a time 
[2025-03-09T23:53:12.305+0000] {manager.py:484} INFO - Process each file at most once every 30 seconds
[2025-03-09T23:53:12.306+0000] {manager.py:485} INFO - Checking for new files in /opt/airflow/dags every 300 seconds
[2025-03-09T23:53:12.307+0000] {manager.py:821} INFO - Searching for files in /opt/airflow/dags
[2025-03-09T23:53:12.313+0000] {manager.py:824} INFO - There are 0 files in /opt/airflow/dags
[2025-03-09T23:58:12.646+0000] {manager.py:821} INFO - Searching for files in /opt/airflow/dags
[2025-03-09T23:58:12.717+0000] {manager.py:824} INFO - There are 0 files in /opt/airflow/dags
[2025-03-10T00:03:13.314+0000] {manager.py:821} INFO - Searching for files in /opt/airflow/dags
[2025-03-10T00:03:13.327+0000] {manager.py:824} INFO - There are 0 files in /opt/airflow/dags
[2025-03-10T00:08:13.549+0000] {manager.py:821} INFO - Searching for files in /opt/airflow/dags
[2025-03-10T00:08:13.553+0000] {manager.py:824} INFO - There are 0 files in /opt/airflow/dags
[2025-03-10T00:13:14.388+0000] {manager.py:821} INFO - Searching for files in /opt/airflow/dags
[2025-03-10T00:13:14.391+0000] {manager.py:824} INFO - There are 0 files in /opt/airflow/dags
[2025-03-10T00:18:15.263+0000] {manager.py:821} INFO - Searching for files in /opt/airflow/dags
[2025-03-10T00:18:15.266+0000] {manager.py:824} INFO - There are 0 files in /opt/airflow/dags
[2025-03-10T00:23:15.943+0000] {manager.py:821} INFO - Searching for files in /opt/airflow/dags
[2025-03-10T00:23:15.947+0000] {manager.py:824} INFO - There are 0 files in /opt/airflow/dags
[2025-03-10T00:28:16.579+0000] {manager.py:821} INFO - Searching for files in /opt/airflow/dags
[2025-03-10T00:28:16.582+0000] {manager.py:824} INFO - There are 0 files in /opt/airflow/dags
[2025-03-10T00:33:17.190+0000] {manager.py:821} INFO - Searching for files in /opt/airflow/dags
[2025-03-10T00:33:17.194+0000] {manager.py:824} INFO - There are 0 files in /opt/airflow/dags
[2025-03-10T00:57:04.528+0000] {manager.py:821} INFO - Searching for files in /opt/airflow/dags
[2025-03-10T00:57:04.533+0000] {manager.py:824} INFO - There are 0 files in /opt/airflow/dags
[2025-03-10T01:00:18.788+0000] {manager.py:465} INFO - Exiting gracefully upon receiving signal 15
[2025-03-10T01:06:31.884+0000] {manager.py:483} INFO - Processing files using up to 2 processes at a time 
[2025-03-10T01:06:31.885+0000] {manager.py:484} INFO - Process each file at most once every 30 seconds
[2025-03-10T01:06:31.885+0000] {manager.py:485} INFO - Checking for new files in /opt/airflow/dags every 300 seconds
[2025-03-10T01:06:31.886+0000] {manager.py:821} INFO - Searching for files in /opt/airflow/dags
[2025-03-10T01:06:31.890+0000] {manager.py:824} INFO - There are 0 files in /opt/airflow/dags
[2025-03-10T01:11:32.784+0000] {manager.py:821} INFO - Searching for files in /opt/airflow/dags
[2025-03-10T01:11:32.795+0000] {manager.py:824} INFO - There are 0 files in /opt/airflow/dags
[2025-03-10T01:14:53.121+0000] {manager.py:465} INFO - Exiting gracefully upon receiving signal 15
[2025-03-10T01:16:18.385+0000] {manager.py:483} INFO - Processing files using up to 2 processes at a time 
[2025-03-10T01:16:18.386+0000] {manager.py:484} INFO - Process each file at most once every 30 seconds
[2025-03-10T01:16:18.386+0000] {manager.py:485} INFO - Checking for new files in /opt/airflow/dags every 300 seconds
[2025-03-10T01:16:18.387+0000] {manager.py:821} INFO - Searching for files in /opt/airflow/dags
[2025-03-10T01:16:18.393+0000] {manager.py:824} INFO - There are 0 files in /opt/airflow/dags
[2025-03-10T01:16:19.346+0000] {manager.py:465} INFO - Exiting gracefully upon receiving signal 15
[2025-03-10T01:16:36.572+0000] {manager.py:483} INFO - Processing files using up to 2 processes at a time 
[2025-03-10T01:16:36.573+0000] {manager.py:484} INFO - Process each file at most once every 30 seconds
[2025-03-10T01:16:36.574+0000] {manager.py:485} INFO - Checking for new files in /opt/airflow/dags every 300 seconds
[2025-03-10T01:16:36.574+0000] {manager.py:821} INFO - Searching for files in /opt/airflow/dags
[2025-03-10T01:16:36.578+0000] {manager.py:824} INFO - There are 0 files in /opt/airflow/dags
[2025-03-10T01:18:10.863+0000] {manager.py:465} INFO - Exiting gracefully upon receiving signal 15
[2025-03-10T01:19:08.400+0000] {manager.py:483} INFO - Processing files using up to 2 processes at a time 
[2025-03-10T01:19:08.401+0000] {manager.py:484} INFO - Process each file at most once every 30 seconds
[2025-03-10T01:19:08.402+0000] {manager.py:485} INFO - Checking for new files in /opt/airflow/dags every 300 seconds
[2025-03-10T01:19:08.402+0000] {manager.py:821} INFO - Searching for files in /opt/airflow/dags
[2025-03-10T01:19:08.407+0000] {manager.py:824} INFO - There are 0 files in /opt/airflow/dags
[2025-03-10T01:23:22.574+0000] {manager.py:465} INFO - Exiting gracefully upon receiving signal 15
[2025-03-10T11:52:17.557+0000] {manager.py:483} INFO - Processing files using up to 2 processes at a time 
[2025-03-10T11:52:17.559+0000] {manager.py:484} INFO - Process each file at most once every 30 seconds
[2025-03-10T11:52:17.559+0000] {manager.py:485} INFO - Checking for new files in /opt/airflow/dags every 300 seconds
[2025-03-10T11:52:17.560+0000] {manager.py:821} INFO - Searching for files in /opt/airflow/dags
[2025-03-10T11:52:17.565+0000] {manager.py:824} INFO - There are 0 files in /opt/airflow/dags
[2025-03-10T11:57:17.878+0000] {manager.py:821} INFO - Searching for files in /opt/airflow/dags
[2025-03-10T11:57:17.896+0000] {manager.py:824} INFO - There are 0 files in /opt/airflow/dags
[2025-03-10T11:58:24.312+0000] {manager.py:465} INFO - Exiting gracefully upon receiving signal 15
[2025-03-10T11:59:23.618+0000] {manager.py:483} INFO - Processing files using up to 2 processes at a time 
[2025-03-10T11:59:23.619+0000] {manager.py:484} INFO - Process each file at most once every 30 seconds
[2025-03-10T11:59:23.620+0000] {manager.py:485} INFO - Checking for new files in /opt/airflow/dags every 300 seconds
[2025-03-10T11:59:23.620+0000] {manager.py:821} INFO - Searching for files in /opt/airflow/dags
[2025-03-10T11:59:23.623+0000] {manager.py:824} INFO - There are 0 files in /opt/airflow/dags
[2025-03-10T11:59:39.507+0000] {manager.py:465} INFO - Exiting gracefully upon receiving signal 15
[2025-03-10T12:01:21.351+0000] {manager.py:483} INFO - Processing files using up to 2 processes at a time 
[2025-03-10T12:01:21.352+0000] {manager.py:484} INFO - Process each file at most once every 30 seconds
[2025-03-10T12:01:21.353+0000] {manager.py:485} INFO - Checking for new files in /opt/airflow/dags every 300 seconds
[2025-03-10T12:01:21.353+0000] {manager.py:821} INFO - Searching for files in /opt/airflow/dags
[2025-03-10T12:01:21.358+0000] {manager.py:824} INFO - There are 0 files in /opt/airflow/dags
[2025-03-10T12:06:21.848+0000] {manager.py:821} INFO - Searching for files in /opt/airflow/dags
[2025-03-10T12:06:21.863+0000] {manager.py:824} INFO - There are 0 files in /opt/airflow/dags
[2025-03-10T12:07:24.721+0000] {manager.py:465} INFO - Exiting gracefully upon receiving signal 15
[2025-03-10T12:09:44.026+0000] {manager.py:483} INFO - Processing files using up to 2 processes at a time 
[2025-03-10T12:09:44.027+0000] {manager.py:484} INFO - Process each file at most once every 30 seconds
[2025-03-10T12:09:44.028+0000] {manager.py:485} INFO - Checking for new files in /opt/airflow/dags every 300 seconds
[2025-03-10T12:09:44.028+0000] {manager.py:821} INFO - Searching for files in /opt/airflow/dags
[2025-03-10T12:09:44.033+0000] {manager.py:824} INFO - There are 0 files in /opt/airflow/dags
[2025-03-10T12:12:21.512+0000] {manager.py:465} INFO - Exiting gracefully upon receiving signal 15
[2025-03-10T12:14:28.645+0000] {manager.py:483} INFO - Processing files using up to 2 processes at a time 
[2025-03-10T12:14:28.646+0000] {manager.py:484} INFO - Process each file at most once every 30 seconds
[2025-03-10T12:14:28.647+0000] {manager.py:485} INFO - Checking for new files in /opt/airflow/dags every 300 seconds
[2025-03-10T12:14:28.647+0000] {manager.py:821} INFO - Searching for files in /opt/airflow/dags
[2025-03-10T12:14:28.652+0000] {manager.py:824} INFO - There are 0 files in /opt/airflow/dags
[2025-03-10T12:19:28.959+0000] {manager.py:821} INFO - Searching for files in /opt/airflow/dags
[2025-03-10T12:19:28.977+0000] {manager.py:824} INFO - There are 0 files in /opt/airflow/dags
[2025-03-10T12:24:29.523+0000] {manager.py:821} INFO - Searching for files in /opt/airflow/dags
[2025-03-10T12:24:29.532+0000] {manager.py:824} INFO - There are 0 files in /opt/airflow/dags
[2025-03-10T12:29:29.997+0000] {manager.py:821} INFO - Searching for files in /opt/airflow/dags
[2025-03-10T12:29:30.041+0000] {manager.py:824} INFO - There are 0 files in /opt/airflow/dags
[2025-03-10T12:29:53.979+0000] {manager.py:465} INFO - Exiting gracefully upon receiving signal 15
[2025-03-15T15:45:11.062+0000] {manager.py:483} INFO - Processing files using up to 2 processes at a time 
[2025-03-15T15:45:11.063+0000] {manager.py:484} INFO - Process each file at most once every 30 seconds
[2025-03-15T15:45:11.064+0000] {manager.py:485} INFO - Checking for new files in /opt/airflow/dags every 300 seconds
[2025-03-15T15:45:11.065+0000] {manager.py:821} INFO - Searching for files in /opt/airflow/dags
[2025-03-15T15:45:11.069+0000] {manager.py:824} INFO - There are 0 files in /opt/airflow/dags
[2025-03-15T15:50:11.435+0000] {manager.py:821} INFO - Searching for files in /opt/airflow/dags
[2025-03-15T15:50:11.453+0000] {manager.py:824} INFO - There are 0 files in /opt/airflow/dags
[2025-03-15T15:55:11.838+0000] {manager.py:821} INFO - Searching for files in /opt/airflow/dags
[2025-03-15T15:55:11.845+0000] {manager.py:824} INFO - There are 0 files in /opt/airflow/dags
[2025-03-15T16:00:12.220+0000] {manager.py:821} INFO - Searching for files in /opt/airflow/dags
[2025-03-15T16:00:12.271+0000] {manager.py:824} INFO - There are 0 files in /opt/airflow/dags
[2025-03-15T16:05:12.649+0000] {manager.py:821} INFO - Searching for files in /opt/airflow/dags
[2025-03-15T16:05:12.702+0000] {manager.py:824} INFO - There are 0 files in /opt/airflow/dags
[2025-03-15T16:10:13.093+0000] {manager.py:821} INFO - Searching for files in /opt/airflow/dags
[2025-03-15T16:10:13.099+0000] {manager.py:824} INFO - There are 0 files in /opt/airflow/dags
[2025-03-15T16:15:13.548+0000] {manager.py:821} INFO - Searching for files in /opt/airflow/dags
[2025-03-15T16:15:13.553+0000] {manager.py:824} INFO - There are 0 files in /opt/airflow/dags
[2025-03-15T16:57:41.730+0000] {manager.py:821} INFO - Searching for files in /opt/airflow/dags
[2025-03-15T16:57:41.735+0000] {manager.py:824} INFO - There are 0 files in /opt/airflow/dags
[2025-03-15T17:02:42.105+0000] {manager.py:821} INFO - Searching for files in /opt/airflow/dags
[2025-03-15T17:02:42.113+0000] {manager.py:824} INFO - There are 0 files in /opt/airflow/dags
[2025-03-15T17:07:42.539+0000] {manager.py:821} INFO - Searching for files in /opt/airflow/dags
[2025-03-15T17:07:42.591+0000] {manager.py:824} INFO - There are 0 files in /opt/airflow/dags
[2025-03-15T17:12:42.982+0000] {manager.py:821} INFO - Searching for files in /opt/airflow/dags
[2025-03-15T17:12:42.989+0000] {manager.py:824} INFO - There are 0 files in /opt/airflow/dags
[2025-03-16T16:43:55.351+0000] {manager.py:483} INFO - Processing files using up to 2 processes at a time 
[2025-03-16T16:43:55.353+0000] {manager.py:484} INFO - Process each file at most once every 30 seconds
[2025-03-16T16:43:55.354+0000] {manager.py:485} INFO - Checking for new files in /opt/airflow/dags every 300 seconds
[2025-03-16T16:43:55.354+0000] {manager.py:821} INFO - Searching for files in /opt/airflow/dags
[2025-03-16T16:43:55.359+0000] {manager.py:824} INFO - There are 0 files in /opt/airflow/dags
[2025-03-16T16:48:55.662+0000] {manager.py:821} INFO - Searching for files in /opt/airflow/dags
[2025-03-16T16:48:55.669+0000] {manager.py:824} INFO - There are 0 files in /opt/airflow/dags
[2025-03-16T16:53:55.994+0000] {manager.py:821} INFO - Searching for files in /opt/airflow/dags
[2025-03-16T16:53:56.011+0000] {manager.py:824} INFO - There are 0 files in /opt/airflow/dags
[2025-03-16T16:58:35.547+0000] {manager.py:465} INFO - Exiting gracefully upon receiving signal 15
[2025-03-16T17:00:32.210+0000] {manager.py:483} INFO - Processing files using up to 2 processes at a time 
[2025-03-16T17:00:32.211+0000] {manager.py:484} INFO - Process each file at most once every 30 seconds
[2025-03-16T17:00:32.211+0000] {manager.py:485} INFO - Checking for new files in /opt/airflow/dags every 300 seconds
[2025-03-16T17:00:32.212+0000] {manager.py:821} INFO - Searching for files in /opt/airflow/dags
[2025-03-16T17:00:32.216+0000] {manager.py:824} INFO - There are 0 files in /opt/airflow/dags
[2025-03-16T17:03:43.623+0000] {manager.py:465} INFO - Exiting gracefully upon receiving signal 15
[2025-03-16T17:05:28.573+0000] {manager.py:483} INFO - Processing files using up to 2 processes at a time 
[2025-03-16T17:05:28.574+0000] {manager.py:484} INFO - Process each file at most once every 30 seconds
[2025-03-16T17:05:28.574+0000] {manager.py:485} INFO - Checking for new files in /opt/airflow/dags every 300 seconds
[2025-03-16T17:05:28.575+0000] {manager.py:821} INFO - Searching for files in /opt/airflow/dags
[2025-03-16T17:05:28.579+0000] {manager.py:824} INFO - There are 0 files in /opt/airflow/dags
[2025-03-16T17:10:29.098+0000] {manager.py:821} INFO - Searching for files in /opt/airflow/dags
[2025-03-16T17:10:29.113+0000] {manager.py:824} INFO - There are 0 files in /opt/airflow/dags
[2025-03-16T17:10:49.409+0000] {manager.py:465} INFO - Exiting gracefully upon receiving signal 15
[2025-03-16T17:12:38.609+0000] {manager.py:483} INFO - Processing files using up to 2 processes at a time 
[2025-03-16T17:12:38.610+0000] {manager.py:484} INFO - Process each file at most once every 30 seconds
[2025-03-16T17:12:38.611+0000] {manager.py:485} INFO - Checking for new files in /opt/airflow/dags every 300 seconds
[2025-03-16T17:12:38.611+0000] {manager.py:821} INFO - Searching for files in /opt/airflow/dags
[2025-03-16T17:12:38.616+0000] {manager.py:824} INFO - There are 0 files in /opt/airflow/dags
[2025-03-16T17:13:52.286+0000] {manager.py:465} INFO - Exiting gracefully upon receiving signal 15
[2025-03-16T17:16:20.391+0000] {manager.py:483} INFO - Processing files using up to 2 processes at a time 
[2025-03-16T17:16:20.394+0000] {manager.py:484} INFO - Process each file at most once every 30 seconds
[2025-03-16T17:16:20.397+0000] {manager.py:485} INFO - Checking for new files in /opt/airflow/dags every 300 seconds
[2025-03-16T17:16:20.400+0000] {manager.py:821} INFO - Searching for files in /opt/airflow/dags
[2025-03-16T17:16:20.420+0000] {manager.py:824} INFO - There are 0 files in /opt/airflow/dags
[2025-03-16T17:21:20.777+0000] {manager.py:821} INFO - Searching for files in /opt/airflow/dags
[2025-03-16T17:21:20.790+0000] {manager.py:824} INFO - There are 0 files in /opt/airflow/dags
[2025-03-16T17:26:20.931+0000] {manager.py:821} INFO - Searching for files in /opt/airflow/dags
[2025-03-16T17:26:20.936+0000] {manager.py:824} INFO - There are 0 files in /opt/airflow/dags
[2025-03-16T17:28:45.144+0000] {manager.py:465} INFO - Exiting gracefully upon receiving signal 15
[2025-03-16T17:34:00.937+0000] {manager.py:483} INFO - Processing files using up to 2 processes at a time 
[2025-03-16T17:34:00.938+0000] {manager.py:484} INFO - Process each file at most once every 30 seconds
[2025-03-16T17:34:00.939+0000] {manager.py:485} INFO - Checking for new files in /opt/airflow/dags every 300 seconds
[2025-03-16T17:34:00.939+0000] {manager.py:821} INFO - Searching for files in /opt/airflow/dags
[2025-03-16T17:34:00.944+0000] {manager.py:824} INFO - There are 0 files in /opt/airflow/dags
[2025-03-16T17:39:01.140+0000] {manager.py:821} INFO - Searching for files in /opt/airflow/dags
[2025-03-16T17:39:01.154+0000] {manager.py:824} INFO - There are 0 files in /opt/airflow/dags
[2025-03-16T17:44:01.350+0000] {manager.py:821} INFO - Searching for files in /opt/airflow/dags
[2025-03-16T17:44:01.356+0000] {manager.py:824} INFO - There are 0 files in /opt/airflow/dags
[2025-03-16T17:49:02.208+0000] {manager.py:821} INFO - Searching for files in /opt/airflow/dags
[2025-03-16T17:49:02.213+0000] {manager.py:824} INFO - There are 0 files in /opt/airflow/dags
[2025-03-16T17:54:03.165+0000] {manager.py:821} INFO - Searching for files in /opt/airflow/dags
[2025-03-16T17:54:03.171+0000] {manager.py:824} INFO - There are 0 files in /opt/airflow/dags
[2025-03-16T17:59:04.062+0000] {manager.py:821} INFO - Searching for files in /opt/airflow/dags
[2025-03-16T17:59:04.067+0000] {manager.py:824} INFO - There are 0 files in /opt/airflow/dags
[2025-03-16T18:04:04.217+0000] {manager.py:821} INFO - Searching for files in /opt/airflow/dags
[2025-03-16T18:04:04.223+0000] {manager.py:824} INFO - There are 0 files in /opt/airflow/dags
[2025-03-16T18:09:05.039+0000] {manager.py:821} INFO - Searching for files in /opt/airflow/dags
[2025-03-16T18:09:05.044+0000] {manager.py:824} INFO - There are 0 files in /opt/airflow/dags
[2025-03-16T18:14:05.898+0000] {manager.py:821} INFO - Searching for files in /opt/airflow/dags
[2025-03-16T18:14:05.904+0000] {manager.py:824} INFO - There are 0 files in /opt/airflow/dags
[2025-03-16T18:19:05.972+0000] {manager.py:821} INFO - Searching for files in /opt/airflow/dags
[2025-03-16T18:19:05.978+0000] {manager.py:824} INFO - There are 0 files in /opt/airflow/dags
[2025-03-16T18:24:06.039+0000] {manager.py:821} INFO - Searching for files in /opt/airflow/dags
[2025-03-16T18:24:06.089+0000] {manager.py:824} INFO - There are 0 files in /opt/airflow/dags
[2025-03-16T18:29:06.200+0000] {manager.py:821} INFO - Searching for files in /opt/airflow/dags
[2025-03-16T18:29:06.207+0000] {manager.py:824} INFO - There are 0 files in /opt/airflow/dags
[2025-03-16T18:34:06.362+0000] {manager.py:821} INFO - Searching for files in /opt/airflow/dags
[2025-03-16T18:34:06.367+0000] {manager.py:824} INFO - There are 0 files in /opt/airflow/dags
[2025-03-16T18:39:06.530+0000] {manager.py:821} INFO - Searching for files in /opt/airflow/dags
[2025-03-16T18:39:06.546+0000] {manager.py:824} INFO - There are 0 files in /opt/airflow/dags
[2025-03-16T18:44:06.631+0000] {manager.py:821} INFO - Searching for files in /opt/airflow/dags
[2025-03-16T18:44:06.635+0000] {manager.py:824} INFO - There are 0 files in /opt/airflow/dags
[2025-03-16T18:49:07.571+0000] {manager.py:821} INFO - Searching for files in /opt/airflow/dags
[2025-03-16T18:49:07.577+0000] {manager.py:824} INFO - There are 0 files in /opt/airflow/dags
[2025-03-16T18:52:56.488+0000] {manager.py:465} INFO - Exiting gracefully upon receiving signal 15
[2025-03-16T18:54:06.134+0000] {manager.py:483} INFO - Processing files using up to 2 processes at a time 
[2025-03-16T18:54:06.135+0000] {manager.py:484} INFO - Process each file at most once every 30 seconds
[2025-03-16T18:54:06.136+0000] {manager.py:485} INFO - Checking for new files in /opt/airflow/dags every 300 seconds
[2025-03-16T18:54:06.137+0000] {manager.py:821} INFO - Searching for files in /opt/airflow/dags
[2025-03-16T18:54:06.144+0000] {manager.py:824} INFO - There are 0 files in /opt/airflow/dags
[2025-03-16T18:59:06.582+0000] {manager.py:821} INFO - Searching for files in /opt/airflow/dags
[2025-03-16T18:59:06.601+0000] {manager.py:824} INFO - There are 0 files in /opt/airflow/dags
[2025-03-16T19:04:07.018+0000] {manager.py:821} INFO - Searching for files in /opt/airflow/dags
[2025-03-16T19:04:07.024+0000] {manager.py:824} INFO - There are 0 files in /opt/airflow/dags
[2025-03-16T19:09:07.324+0000] {manager.py:821} INFO - Searching for files in /opt/airflow/dags
[2025-03-16T19:09:07.330+0000] {manager.py:824} INFO - There are 0 files in /opt/airflow/dags
[2025-03-16T19:14:07.622+0000] {manager.py:821} INFO - Searching for files in /opt/airflow/dags
[2025-03-16T19:14:07.630+0000] {manager.py:824} INFO - There are 0 files in /opt/airflow/dags
[2025-03-16T19:19:08.059+0000] {manager.py:821} INFO - Searching for files in /opt/airflow/dags
[2025-03-16T19:19:08.066+0000] {manager.py:824} INFO - There are 0 files in /opt/airflow/dags
[2025-03-16T19:24:08.457+0000] {manager.py:821} INFO - Searching for files in /opt/airflow/dags
[2025-03-16T19:24:08.463+0000] {manager.py:824} INFO - There are 0 files in /opt/airflow/dags
[2025-03-16T19:29:08.891+0000] {manager.py:821} INFO - Searching for files in /opt/airflow/dags
[2025-03-16T19:29:08.897+0000] {manager.py:824} INFO - There are 0 files in /opt/airflow/dags
[2025-03-16T19:34:09.324+0000] {manager.py:821} INFO - Searching for files in /opt/airflow/dags
[2025-03-16T19:34:09.332+0000] {manager.py:824} INFO - There are 0 files in /opt/airflow/dags
[2025-03-16T19:39:09.703+0000] {manager.py:821} INFO - Searching for files in /opt/airflow/dags
[2025-03-16T19:39:09.709+0000] {manager.py:824} INFO - There are 0 files in /opt/airflow/dags
[2025-03-16T19:44:10.084+0000] {manager.py:821} INFO - Searching for files in /opt/airflow/dags
[2025-03-16T19:44:10.091+0000] {manager.py:824} INFO - There are 0 files in /opt/airflow/dags
[2025-03-16T19:49:10.444+0000] {manager.py:821} INFO - Searching for files in /opt/airflow/dags
[2025-03-16T19:49:10.450+0000] {manager.py:824} INFO - There are 0 files in /opt/airflow/dags
[2025-03-16T19:54:10.858+0000] {manager.py:821} INFO - Searching for files in /opt/airflow/dags
[2025-03-16T19:54:10.865+0000] {manager.py:824} INFO - There are 0 files in /opt/airflow/dags
[2025-03-16T19:59:10.972+0000] {manager.py:821} INFO - Searching for files in /opt/airflow/dags
[2025-03-16T19:59:11.041+0000] {manager.py:824} INFO - There are 0 files in /opt/airflow/dags
[2025-03-16T20:04:11.830+0000] {manager.py:821} INFO - Searching for files in /opt/airflow/dags
[2025-03-16T20:04:11.837+0000] {manager.py:824} INFO - There are 0 files in /opt/airflow/dags
[2025-03-16T20:09:12.679+0000] {manager.py:821} INFO - Searching for files in /opt/airflow/dags
[2025-03-16T20:09:12.688+0000] {manager.py:824} INFO - There are 0 files in /opt/airflow/dags
[2025-03-16T20:14:13.569+0000] {manager.py:821} INFO - Searching for files in /opt/airflow/dags
[2025-03-16T20:14:13.574+0000] {manager.py:824} INFO - There are 0 files in /opt/airflow/dags
[2025-03-16T20:19:14.466+0000] {manager.py:821} INFO - Searching for files in /opt/airflow/dags
[2025-03-16T20:19:14.470+0000] {manager.py:824} INFO - There are 0 files in /opt/airflow/dags
[2025-03-16T20:24:15.368+0000] {manager.py:821} INFO - Searching for files in /opt/airflow/dags
[2025-03-16T20:24:15.372+0000] {manager.py:824} INFO - There are 0 files in /opt/airflow/dags
[2025-03-16T20:29:16.216+0000] {manager.py:821} INFO - Searching for files in /opt/airflow/dags
[2025-03-16T20:29:16.220+0000] {manager.py:824} INFO - There are 0 files in /opt/airflow/dags
[2025-03-16T20:34:17.076+0000] {manager.py:821} INFO - Searching for files in /opt/airflow/dags
[2025-03-16T20:34:17.079+0000] {manager.py:824} INFO - There are 0 files in /opt/airflow/dags
[2025-03-16T20:39:17.983+0000] {manager.py:821} INFO - Searching for files in /opt/airflow/dags
[2025-03-16T20:39:17.986+0000] {manager.py:824} INFO - There are 0 files in /opt/airflow/dags
[2025-03-16T20:44:18.860+0000] {manager.py:821} INFO - Searching for files in /opt/airflow/dags
[2025-03-16T20:44:18.863+0000] {manager.py:824} INFO - There are 0 files in /opt/airflow/dags
[2025-03-16T20:49:19.673+0000] {manager.py:821} INFO - Searching for files in /opt/airflow/dags
[2025-03-16T20:49:19.676+0000] {manager.py:824} INFO - There are 0 files in /opt/airflow/dags
[2025-03-16T20:54:20.554+0000] {manager.py:821} INFO - Searching for files in /opt/airflow/dags
[2025-03-16T20:54:20.558+0000] {manager.py:824} INFO - There are 0 files in /opt/airflow/dags
[2025-03-16T20:59:21.414+0000] {manager.py:821} INFO - Searching for files in /opt/airflow/dags
[2025-03-16T20:59:21.418+0000] {manager.py:824} INFO - There are 0 files in /opt/airflow/dags
[2025-03-16T21:04:22.282+0000] {manager.py:821} INFO - Searching for files in /opt/airflow/dags
[2025-03-16T21:04:22.285+0000] {manager.py:824} INFO - There are 0 files in /opt/airflow/dags
[2025-03-16T21:09:23.147+0000] {manager.py:821} INFO - Searching for files in /opt/airflow/dags
[2025-03-16T21:09:23.151+0000] {manager.py:824} INFO - There are 0 files in /opt/airflow/dags
[2025-03-16T21:14:23.993+0000] {manager.py:821} INFO - Searching for files in /opt/airflow/dags
[2025-03-16T21:14:23.997+0000] {manager.py:824} INFO - There are 0 files in /opt/airflow/dags
[2025-03-16T21:19:24.877+0000] {manager.py:821} INFO - Searching for files in /opt/airflow/dags
[2025-03-16T21:19:24.881+0000] {manager.py:824} INFO - There are 0 files in /opt/airflow/dags
[2025-03-16T21:24:25.733+0000] {manager.py:821} INFO - Searching for files in /opt/airflow/dags
[2025-03-16T21:24:25.739+0000] {manager.py:824} INFO - There are 0 files in /opt/airflow/dags
[2025-03-16T21:29:26.610+0000] {manager.py:821} INFO - Searching for files in /opt/airflow/dags
[2025-03-16T21:29:26.614+0000] {manager.py:824} INFO - There are 0 files in /opt/airflow/dags
[2025-03-16T21:34:27.516+0000] {manager.py:821} INFO - Searching for files in /opt/airflow/dags
[2025-03-16T21:34:27.520+0000] {manager.py:824} INFO - There are 0 files in /opt/airflow/dags
[2025-03-16T21:39:28.408+0000] {manager.py:821} INFO - Searching for files in /opt/airflow/dags
[2025-03-16T21:39:28.412+0000] {manager.py:824} INFO - There are 0 files in /opt/airflow/dags
[2025-03-16T21:44:29.290+0000] {manager.py:821} INFO - Searching for files in /opt/airflow/dags
[2025-03-16T21:44:29.294+0000] {manager.py:824} INFO - There are 0 files in /opt/airflow/dags
[2025-03-16T21:49:30.156+0000] {manager.py:821} INFO - Searching for files in /opt/airflow/dags
[2025-03-16T21:49:30.160+0000] {manager.py:824} INFO - There are 0 files in /opt/airflow/dags
[2025-03-16T21:54:31.052+0000] {manager.py:821} INFO - Searching for files in /opt/airflow/dags
[2025-03-16T21:54:31.056+0000] {manager.py:824} INFO - There are 0 files in /opt/airflow/dags
[2025-03-16T21:59:31.974+0000] {manager.py:821} INFO - Searching for files in /opt/airflow/dags
[2025-03-16T21:59:31.979+0000] {manager.py:824} INFO - There are 0 files in /opt/airflow/dags
[2025-03-16T22:04:32.818+0000] {manager.py:821} INFO - Searching for files in /opt/airflow/dags
[2025-03-16T22:04:32.822+0000] {manager.py:824} INFO - There are 0 files in /opt/airflow/dags
[2025-03-16T22:09:33.677+0000] {manager.py:821} INFO - Searching for files in /opt/airflow/dags
[2025-03-16T22:09:33.681+0000] {manager.py:824} INFO - There are 0 files in /opt/airflow/dags
[2025-03-16T22:14:34.540+0000] {manager.py:821} INFO - Searching for files in /opt/airflow/dags
[2025-03-16T22:14:34.596+0000] {manager.py:824} INFO - There are 0 files in /opt/airflow/dags
[2025-03-16T22:19:35.504+0000] {manager.py:821} INFO - Searching for files in /opt/airflow/dags
[2025-03-16T22:19:35.552+0000] {manager.py:824} INFO - There are 0 files in /opt/airflow/dags
[2025-03-16T22:24:35.879+0000] {manager.py:821} INFO - Searching for files in /opt/airflow/dags
[2025-03-16T22:24:35.885+0000] {manager.py:824} INFO - There are 0 files in /opt/airflow/dags
[2025-03-16T22:29:36.222+0000] {manager.py:821} INFO - Searching for files in /opt/airflow/dags
[2025-03-16T22:29:36.273+0000] {manager.py:824} INFO - There are 0 files in /opt/airflow/dags
[2025-03-16T22:34:36.683+0000] {manager.py:821} INFO - Searching for files in /opt/airflow/dags
[2025-03-16T22:34:36.689+0000] {manager.py:824} INFO - There are 0 files in /opt/airflow/dags
[2025-03-16T22:39:37.051+0000] {manager.py:821} INFO - Searching for files in /opt/airflow/dags
[2025-03-16T22:39:37.057+0000] {manager.py:824} INFO - There are 0 files in /opt/airflow/dags
[2025-03-16T22:44:37.512+0000] {manager.py:821} INFO - Searching for files in /opt/airflow/dags
[2025-03-16T22:44:37.519+0000] {manager.py:824} INFO - There are 0 files in /opt/airflow/dags
[2025-03-16T22:49:37.912+0000] {manager.py:821} INFO - Searching for files in /opt/airflow/dags
[2025-03-16T22:49:37.919+0000] {manager.py:824} INFO - There are 0 files in /opt/airflow/dags
[2025-03-16T22:54:38.378+0000] {manager.py:821} INFO - Searching for files in /opt/airflow/dags
[2025-03-16T22:54:38.385+0000] {manager.py:824} INFO - There are 0 files in /opt/airflow/dags
[2025-03-16T22:59:38.774+0000] {manager.py:821} INFO - Searching for files in /opt/airflow/dags
[2025-03-16T22:59:38.783+0000] {manager.py:824} INFO - There are 0 files in /opt/airflow/dags
[2025-03-16T23:04:39.193+0000] {manager.py:821} INFO - Searching for files in /opt/airflow/dags
[2025-03-16T23:04:39.201+0000] {manager.py:824} INFO - There are 0 files in /opt/airflow/dags
[2025-03-16T23:09:39.590+0000] {manager.py:821} INFO - Searching for files in /opt/airflow/dags
[2025-03-16T23:09:39.597+0000] {manager.py:824} INFO - There are 0 files in /opt/airflow/dags
[2025-03-16T23:14:40.269+0000] {manager.py:821} INFO - Searching for files in /opt/airflow/dags
[2025-03-16T23:14:40.274+0000] {manager.py:824} INFO - There are 0 files in /opt/airflow/dags
[2025-03-16T23:19:40.725+0000] {manager.py:821} INFO - Searching for files in /opt/airflow/dags
[2025-03-16T23:19:40.732+0000] {manager.py:824} INFO - There are 0 files in /opt/airflow/dags
[2025-03-16T23:24:41.196+0000] {manager.py:821} INFO - Searching for files in /opt/airflow/dags
[2025-03-16T23:24:41.200+0000] {manager.py:824} INFO - There are 0 files in /opt/airflow/dags
[2025-03-16T23:29:41.620+0000] {manager.py:821} INFO - Searching for files in /opt/airflow/dags
[2025-03-16T23:29:41.626+0000] {manager.py:824} INFO - There are 0 files in /opt/airflow/dags
[2025-03-16T23:34:42.066+0000] {manager.py:821} INFO - Searching for files in /opt/airflow/dags
[2025-03-16T23:34:42.073+0000] {manager.py:824} INFO - There are 0 files in /opt/airflow/dags
[2025-03-16T23:39:42.493+0000] {manager.py:821} INFO - Searching for files in /opt/airflow/dags
[2025-03-16T23:39:42.500+0000] {manager.py:824} INFO - There are 0 files in /opt/airflow/dags
[2025-03-16T23:44:42.945+0000] {manager.py:821} INFO - Searching for files in /opt/airflow/dags
[2025-03-16T23:44:42.951+0000] {manager.py:824} INFO - There are 0 files in /opt/airflow/dags
[2025-03-16T23:49:43.390+0000] {manager.py:821} INFO - Searching for files in /opt/airflow/dags
[2025-03-16T23:49:43.396+0000] {manager.py:824} INFO - There are 0 files in /opt/airflow/dags
[2025-03-16T23:54:43.821+0000] {manager.py:821} INFO - Searching for files in /opt/airflow/dags
[2025-03-16T23:54:43.827+0000] {manager.py:824} INFO - There are 0 files in /opt/airflow/dags
[2025-03-16T23:59:44.271+0000] {manager.py:821} INFO - Searching for files in /opt/airflow/dags
[2025-03-16T23:59:44.278+0000] {manager.py:824} INFO - There are 0 files in /opt/airflow/dags
[2025-03-17T00:04:44.721+0000] {manager.py:821} INFO - Searching for files in /opt/airflow/dags
[2025-03-17T00:04:44.727+0000] {manager.py:824} INFO - There are 0 files in /opt/airflow/dags
[2025-03-17T00:09:45.153+0000] {manager.py:821} INFO - Searching for files in /opt/airflow/dags
[2025-03-17T00:09:45.159+0000] {manager.py:824} INFO - There are 0 files in /opt/airflow/dags
[2025-03-17T00:14:45.618+0000] {manager.py:821} INFO - Searching for files in /opt/airflow/dags
[2025-03-17T00:14:45.623+0000] {manager.py:824} INFO - There are 0 files in /opt/airflow/dags
[2025-03-17T00:19:46.075+0000] {manager.py:821} INFO - Searching for files in /opt/airflow/dags
[2025-03-17T00:19:46.080+0000] {manager.py:824} INFO - There are 0 files in /opt/airflow/dags
[2025-03-17T00:24:46.527+0000] {manager.py:821} INFO - Searching for files in /opt/airflow/dags
[2025-03-17T00:24:46.534+0000] {manager.py:824} INFO - There are 0 files in /opt/airflow/dags
[2025-03-17T00:29:46.924+0000] {manager.py:821} INFO - Searching for files in /opt/airflow/dags
[2025-03-17T00:29:46.931+0000] {manager.py:824} INFO - There are 0 files in /opt/airflow/dags
[2025-03-17T00:34:47.347+0000] {manager.py:821} INFO - Searching for files in /opt/airflow/dags
[2025-03-17T00:34:47.352+0000] {manager.py:824} INFO - There are 0 files in /opt/airflow/dags
[2025-03-17T00:39:47.764+0000] {manager.py:821} INFO - Searching for files in /opt/airflow/dags
[2025-03-17T00:39:47.769+0000] {manager.py:824} INFO - There are 0 files in /opt/airflow/dags
[2025-03-17T00:44:48.193+0000] {manager.py:821} INFO - Searching for files in /opt/airflow/dags
[2025-03-17T00:44:48.201+0000] {manager.py:824} INFO - There are 0 files in /opt/airflow/dags
[2025-03-17T00:49:48.616+0000] {manager.py:821} INFO - Searching for files in /opt/airflow/dags
[2025-03-17T00:49:48.624+0000] {manager.py:824} INFO - There are 0 files in /opt/airflow/dags
[2025-03-17T00:54:49.016+0000] {manager.py:821} INFO - Searching for files in /opt/airflow/dags
[2025-03-17T00:54:49.023+0000] {manager.py:824} INFO - There are 0 files in /opt/airflow/dags
[2025-03-17T00:59:49.303+0000] {manager.py:821} INFO - Searching for files in /opt/airflow/dags
[2025-03-17T00:59:49.309+0000] {manager.py:824} INFO - There are 0 files in /opt/airflow/dags
[2025-03-17T01:04:49.677+0000] {manager.py:821} INFO - Searching for files in /opt/airflow/dags
[2025-03-17T01:04:49.683+0000] {manager.py:824} INFO - There are 0 files in /opt/airflow/dags
[2025-03-17T01:09:50.119+0000] {manager.py:821} INFO - Searching for files in /opt/airflow/dags
[2025-03-17T01:09:50.124+0000] {manager.py:824} INFO - There are 0 files in /opt/airflow/dags
[2025-03-17T01:14:50.565+0000] {manager.py:821} INFO - Searching for files in /opt/airflow/dags
[2025-03-17T01:14:50.572+0000] {manager.py:824} INFO - There are 0 files in /opt/airflow/dags
[2025-03-17T01:19:50.922+0000] {manager.py:821} INFO - Searching for files in /opt/airflow/dags
[2025-03-17T01:19:50.926+0000] {manager.py:824} INFO - There are 0 files in /opt/airflow/dags
[2025-03-17T01:24:51.332+0000] {manager.py:821} INFO - Searching for files in /opt/airflow/dags
[2025-03-17T01:24:51.338+0000] {manager.py:824} INFO - There are 0 files in /opt/airflow/dags
[2025-03-17T01:29:51.788+0000] {manager.py:821} INFO - Searching for files in /opt/airflow/dags
[2025-03-17T01:29:51.793+0000] {manager.py:824} INFO - There are 0 files in /opt/airflow/dags
[2025-03-17T01:34:52.250+0000] {manager.py:821} INFO - Searching for files in /opt/airflow/dags
[2025-03-17T01:34:52.257+0000] {manager.py:824} INFO - There are 0 files in /opt/airflow/dags
[2025-03-17T01:39:52.719+0000] {manager.py:821} INFO - Searching for files in /opt/airflow/dags
[2025-03-17T01:39:52.726+0000] {manager.py:824} INFO - There are 0 files in /opt/airflow/dags
[2025-03-17T01:44:53.143+0000] {manager.py:821} INFO - Searching for files in /opt/airflow/dags
[2025-03-17T01:44:53.148+0000] {manager.py:824} INFO - There are 0 files in /opt/airflow/dags
[2025-03-17T01:49:53.566+0000] {manager.py:821} INFO - Searching for files in /opt/airflow/dags
[2025-03-17T01:49:53.573+0000] {manager.py:824} INFO - There are 0 files in /opt/airflow/dags
[2025-03-17T01:54:54.026+0000] {manager.py:821} INFO - Searching for files in /opt/airflow/dags
[2025-03-17T01:54:54.032+0000] {manager.py:824} INFO - There are 0 files in /opt/airflow/dags
[2025-03-17T01:59:54.470+0000] {manager.py:821} INFO - Searching for files in /opt/airflow/dags
[2025-03-17T01:59:54.478+0000] {manager.py:824} INFO - There are 0 files in /opt/airflow/dags
[2025-03-17T02:04:54.936+0000] {manager.py:821} INFO - Searching for files in /opt/airflow/dags
[2025-03-17T02:04:54.943+0000] {manager.py:824} INFO - There are 0 files in /opt/airflow/dags
[2025-03-17T02:09:55.266+0000] {manager.py:821} INFO - Searching for files in /opt/airflow/dags
[2025-03-17T02:09:55.272+0000] {manager.py:824} INFO - There are 0 files in /opt/airflow/dags
[2025-03-17T02:14:55.736+0000] {manager.py:821} INFO - Searching for files in /opt/airflow/dags
[2025-03-17T02:14:55.743+0000] {manager.py:824} INFO - There are 0 files in /opt/airflow/dags
[2025-03-17T02:19:56.173+0000] {manager.py:821} INFO - Searching for files in /opt/airflow/dags
[2025-03-17T02:19:56.182+0000] {manager.py:824} INFO - There are 0 files in /opt/airflow/dags
[2025-03-17T02:24:56.639+0000] {manager.py:821} INFO - Searching for files in /opt/airflow/dags
[2025-03-17T02:24:56.647+0000] {manager.py:824} INFO - There are 0 files in /opt/airflow/dags
[2025-03-17T02:29:57.118+0000] {manager.py:821} INFO - Searching for files in /opt/airflow/dags
[2025-03-17T02:29:57.125+0000] {manager.py:824} INFO - There are 0 files in /opt/airflow/dags
[2025-03-17T02:34:57.556+0000] {manager.py:821} INFO - Searching for files in /opt/airflow/dags
[2025-03-17T02:34:57.562+0000] {manager.py:824} INFO - There are 0 files in /opt/airflow/dags
[2025-03-17T02:39:57.991+0000] {manager.py:821} INFO - Searching for files in /opt/airflow/dags
[2025-03-17T02:39:57.998+0000] {manager.py:824} INFO - There are 0 files in /opt/airflow/dags
[2025-03-17T02:44:58.456+0000] {manager.py:821} INFO - Searching for files in /opt/airflow/dags
[2025-03-17T02:44:58.462+0000] {manager.py:824} INFO - There are 0 files in /opt/airflow/dags
[2025-03-17T02:49:58.922+0000] {manager.py:821} INFO - Searching for files in /opt/airflow/dags
[2025-03-17T02:49:58.930+0000] {manager.py:824} INFO - There are 0 files in /opt/airflow/dags
[2025-03-17T02:54:59.400+0000] {manager.py:821} INFO - Searching for files in /opt/airflow/dags
[2025-03-17T02:54:59.407+0000] {manager.py:824} INFO - There are 0 files in /opt/airflow/dags
[2025-03-17T02:59:59.880+0000] {manager.py:821} INFO - Searching for files in /opt/airflow/dags
[2025-03-17T02:59:59.917+0000] {manager.py:824} INFO - There are 0 files in /opt/airflow/dags
[2025-03-17T03:05:00.369+0000] {manager.py:821} INFO - Searching for files in /opt/airflow/dags
[2025-03-17T03:05:00.376+0000] {manager.py:824} INFO - There are 0 files in /opt/airflow/dags
[2025-03-17T03:10:00.824+0000] {manager.py:821} INFO - Searching for files in /opt/airflow/dags
[2025-03-17T03:10:00.831+0000] {manager.py:824} INFO - There are 0 files in /opt/airflow/dags
[2025-03-17T03:15:01.293+0000] {manager.py:821} INFO - Searching for files in /opt/airflow/dags
[2025-03-17T03:15:01.300+0000] {manager.py:824} INFO - There are 0 files in /opt/airflow/dags
[2025-03-17T03:20:01.739+0000] {manager.py:821} INFO - Searching for files in /opt/airflow/dags
[2025-03-17T03:20:01.745+0000] {manager.py:824} INFO - There are 0 files in /opt/airflow/dags
[2025-03-17T03:25:02.223+0000] {manager.py:821} INFO - Searching for files in /opt/airflow/dags
[2025-03-17T03:25:02.230+0000] {manager.py:824} INFO - There are 0 files in /opt/airflow/dags
[2025-03-17T03:30:02.689+0000] {manager.py:821} INFO - Searching for files in /opt/airflow/dags
[2025-03-17T03:30:02.696+0000] {manager.py:824} INFO - There are 0 files in /opt/airflow/dags
[2025-03-17T03:35:03.133+0000] {manager.py:821} INFO - Searching for files in /opt/airflow/dags
[2025-03-17T03:35:03.139+0000] {manager.py:824} INFO - There are 0 files in /opt/airflow/dags
[2025-03-17T03:40:03.592+0000] {manager.py:821} INFO - Searching for files in /opt/airflow/dags
[2025-03-17T03:40:03.599+0000] {manager.py:824} INFO - There are 0 files in /opt/airflow/dags
[2025-03-17T03:45:03.985+0000] {manager.py:821} INFO - Searching for files in /opt/airflow/dags
[2025-03-17T03:45:03.992+0000] {manager.py:824} INFO - There are 0 files in /opt/airflow/dags
[2025-03-17T03:50:04.335+0000] {manager.py:821} INFO - Searching for files in /opt/airflow/dags
[2025-03-17T03:50:04.340+0000] {manager.py:824} INFO - There are 0 files in /opt/airflow/dags
[2025-03-17T03:55:04.598+0000] {manager.py:821} INFO - Searching for files in /opt/airflow/dags
[2025-03-17T03:55:04.604+0000] {manager.py:824} INFO - There are 0 files in /opt/airflow/dags
[2025-03-17T04:00:04.946+0000] {manager.py:821} INFO - Searching for files in /opt/airflow/dags
[2025-03-17T04:00:04.954+0000] {manager.py:824} INFO - There are 0 files in /opt/airflow/dags
[2025-03-17T04:05:05.363+0000] {manager.py:821} INFO - Searching for files in /opt/airflow/dags
[2025-03-17T04:05:05.369+0000] {manager.py:824} INFO - There are 0 files in /opt/airflow/dags
[2025-03-17T04:10:05.814+0000] {manager.py:821} INFO - Searching for files in /opt/airflow/dags
[2025-03-17T04:10:05.820+0000] {manager.py:824} INFO - There are 0 files in /opt/airflow/dags
[2025-03-17T04:15:06.298+0000] {manager.py:821} INFO - Searching for files in /opt/airflow/dags
[2025-03-17T04:15:06.304+0000] {manager.py:824} INFO - There are 0 files in /opt/airflow/dags
[2025-03-17T04:20:06.695+0000] {manager.py:821} INFO - Searching for files in /opt/airflow/dags
[2025-03-17T04:20:06.702+0000] {manager.py:824} INFO - There are 0 files in /opt/airflow/dags
[2025-03-17T04:25:07.120+0000] {manager.py:821} INFO - Searching for files in /opt/airflow/dags
[2025-03-17T04:25:07.126+0000] {manager.py:824} INFO - There are 0 files in /opt/airflow/dags
[2025-03-17T04:30:07.541+0000] {manager.py:821} INFO - Searching for files in /opt/airflow/dags
[2025-03-17T04:30:07.547+0000] {manager.py:824} INFO - There are 0 files in /opt/airflow/dags
[2025-03-17T04:35:07.967+0000] {manager.py:821} INFO - Searching for files in /opt/airflow/dags
[2025-03-17T04:35:07.973+0000] {manager.py:824} INFO - There are 0 files in /opt/airflow/dags
[2025-03-17T04:40:08.406+0000] {manager.py:821} INFO - Searching for files in /opt/airflow/dags
[2025-03-17T04:40:08.410+0000] {manager.py:824} INFO - There are 0 files in /opt/airflow/dags
[2025-03-17T04:45:08.826+0000] {manager.py:821} INFO - Searching for files in /opt/airflow/dags
[2025-03-17T04:45:08.833+0000] {manager.py:824} INFO - There are 0 files in /opt/airflow/dags
[2025-03-17T04:50:09.277+0000] {manager.py:821} INFO - Searching for files in /opt/airflow/dags
[2025-03-17T04:50:09.285+0000] {manager.py:824} INFO - There are 0 files in /opt/airflow/dags
[2025-03-17T04:55:09.727+0000] {manager.py:821} INFO - Searching for files in /opt/airflow/dags
[2025-03-17T04:55:09.733+0000] {manager.py:824} INFO - There are 0 files in /opt/airflow/dags
[2025-03-17T05:00:10.164+0000] {manager.py:821} INFO - Searching for files in /opt/airflow/dags
[2025-03-17T05:00:10.171+0000] {manager.py:824} INFO - There are 0 files in /opt/airflow/dags
[2025-03-17T05:05:10.611+0000] {manager.py:821} INFO - Searching for files in /opt/airflow/dags
[2025-03-17T05:05:10.617+0000] {manager.py:824} INFO - There are 0 files in /opt/airflow/dags
[2025-03-17T05:10:11.032+0000] {manager.py:821} INFO - Searching for files in /opt/airflow/dags
[2025-03-17T05:10:11.040+0000] {manager.py:824} INFO - There are 0 files in /opt/airflow/dags
[2025-03-17T05:15:11.456+0000] {manager.py:821} INFO - Searching for files in /opt/airflow/dags
[2025-03-17T05:15:11.463+0000] {manager.py:824} INFO - There are 0 files in /opt/airflow/dags
[2025-03-17T05:20:11.889+0000] {manager.py:821} INFO - Searching for files in /opt/airflow/dags
[2025-03-17T05:20:11.894+0000] {manager.py:824} INFO - There are 0 files in /opt/airflow/dags
[2025-03-17T05:25:12.309+0000] {manager.py:821} INFO - Searching for files in /opt/airflow/dags
[2025-03-17T05:25:12.315+0000] {manager.py:824} INFO - There are 0 files in /opt/airflow/dags
[2025-03-17T05:30:12.739+0000] {manager.py:821} INFO - Searching for files in /opt/airflow/dags
[2025-03-17T05:30:12.746+0000] {manager.py:824} INFO - There are 0 files in /opt/airflow/dags
[2025-03-17T05:35:13.185+0000] {manager.py:821} INFO - Searching for files in /opt/airflow/dags
[2025-03-17T05:35:13.196+0000] {manager.py:824} INFO - There are 0 files in /opt/airflow/dags
[2025-03-17T05:40:13.641+0000] {manager.py:821} INFO - Searching for files in /opt/airflow/dags
[2025-03-17T05:40:13.647+0000] {manager.py:824} INFO - There are 0 files in /opt/airflow/dags
[2025-03-17T05:45:14.069+0000] {manager.py:821} INFO - Searching for files in /opt/airflow/dags
[2025-03-17T05:45:14.076+0000] {manager.py:824} INFO - There are 0 files in /opt/airflow/dags
[2025-03-17T05:50:14.598+0000] {manager.py:821} INFO - Searching for files in /opt/airflow/dags
[2025-03-17T05:50:14.604+0000] {manager.py:824} INFO - There are 0 files in /opt/airflow/dags
[2025-03-17T05:55:15.135+0000] {manager.py:821} INFO - Searching for files in /opt/airflow/dags
[2025-03-17T05:55:15.147+0000] {manager.py:824} INFO - There are 0 files in /opt/airflow/dags
[2025-03-17T06:00:15.670+0000] {manager.py:821} INFO - Searching for files in /opt/airflow/dags
[2025-03-17T06:00:15.678+0000] {manager.py:824} INFO - There are 0 files in /opt/airflow/dags
[2025-03-17T06:05:16.186+0000] {manager.py:821} INFO - Searching for files in /opt/airflow/dags
[2025-03-17T06:05:16.191+0000] {manager.py:824} INFO - There are 0 files in /opt/airflow/dags
[2025-03-17T06:10:16.721+0000] {manager.py:821} INFO - Searching for files in /opt/airflow/dags
[2025-03-17T06:10:16.728+0000] {manager.py:824} INFO - There are 0 files in /opt/airflow/dags
[2025-03-17T06:15:17.228+0000] {manager.py:821} INFO - Searching for files in /opt/airflow/dags
[2025-03-17T06:15:17.235+0000] {manager.py:824} INFO - There are 0 files in /opt/airflow/dags
[2025-03-17T06:20:17.736+0000] {manager.py:821} INFO - Searching for files in /opt/airflow/dags
[2025-03-17T06:20:17.743+0000] {manager.py:824} INFO - There are 0 files in /opt/airflow/dags
[2025-03-17T06:25:18.266+0000] {manager.py:821} INFO - Searching for files in /opt/airflow/dags
[2025-03-17T06:25:18.273+0000] {manager.py:824} INFO - There are 0 files in /opt/airflow/dags
[2025-03-17T06:30:18.820+0000] {manager.py:821} INFO - Searching for files in /opt/airflow/dags
[2025-03-17T06:30:18.827+0000] {manager.py:824} INFO - There are 0 files in /opt/airflow/dags
[2025-03-17T06:35:19.363+0000] {manager.py:821} INFO - Searching for files in /opt/airflow/dags
[2025-03-17T06:35:19.369+0000] {manager.py:824} INFO - There are 0 files in /opt/airflow/dags
[2025-03-17T06:40:19.923+0000] {manager.py:821} INFO - Searching for files in /opt/airflow/dags
[2025-03-17T06:40:19.928+0000] {manager.py:824} INFO - There are 0 files in /opt/airflow/dags
[2025-03-17T06:45:20.449+0000] {manager.py:821} INFO - Searching for files in /opt/airflow/dags
[2025-03-17T06:45:20.456+0000] {manager.py:824} INFO - There are 0 files in /opt/airflow/dags
[2025-03-17T06:50:20.997+0000] {manager.py:821} INFO - Searching for files in /opt/airflow/dags
[2025-03-17T06:50:21.002+0000] {manager.py:824} INFO - There are 0 files in /opt/airflow/dags
[2025-03-17T06:55:21.542+0000] {manager.py:821} INFO - Searching for files in /opt/airflow/dags
[2025-03-17T06:55:21.549+0000] {manager.py:824} INFO - There are 0 files in /opt/airflow/dags
[2025-03-17T07:00:22.090+0000] {manager.py:821} INFO - Searching for files in /opt/airflow/dags
[2025-03-17T07:00:22.098+0000] {manager.py:824} INFO - There are 0 files in /opt/airflow/dags
[2025-03-17T07:05:22.658+0000] {manager.py:821} INFO - Searching for files in /opt/airflow/dags
[2025-03-17T07:05:22.664+0000] {manager.py:824} INFO - There are 0 files in /opt/airflow/dags
[2025-03-17T07:10:23.195+0000] {manager.py:821} INFO - Searching for files in /opt/airflow/dags
[2025-03-17T07:10:23.202+0000] {manager.py:824} INFO - There are 0 files in /opt/airflow/dags
[2025-03-17T07:15:23.758+0000] {manager.py:821} INFO - Searching for files in /opt/airflow/dags
[2025-03-17T07:15:23.765+0000] {manager.py:824} INFO - There are 0 files in /opt/airflow/dags
[2025-03-17T07:20:24.303+0000] {manager.py:821} INFO - Searching for files in /opt/airflow/dags
[2025-03-17T07:20:24.311+0000] {manager.py:824} INFO - There are 0 files in /opt/airflow/dags
[2025-03-17T07:25:24.855+0000] {manager.py:821} INFO - Searching for files in /opt/airflow/dags
[2025-03-17T07:25:24.863+0000] {manager.py:824} INFO - There are 0 files in /opt/airflow/dags
[2025-03-17T07:30:25.407+0000] {manager.py:821} INFO - Searching for files in /opt/airflow/dags
[2025-03-17T07:30:25.416+0000] {manager.py:824} INFO - There are 0 files in /opt/airflow/dags
[2025-03-17T07:35:25.943+0000] {manager.py:821} INFO - Searching for files in /opt/airflow/dags
[2025-03-17T07:35:25.951+0000] {manager.py:824} INFO - There are 0 files in /opt/airflow/dags
[2025-03-17T07:40:26.475+0000] {manager.py:821} INFO - Searching for files in /opt/airflow/dags
[2025-03-17T07:40:26.481+0000] {manager.py:824} INFO - There are 0 files in /opt/airflow/dags
[2025-03-17T07:45:27.010+0000] {manager.py:821} INFO - Searching for files in /opt/airflow/dags
[2025-03-17T07:45:27.016+0000] {manager.py:824} INFO - There are 0 files in /opt/airflow/dags
[2025-03-17T07:50:27.547+0000] {manager.py:821} INFO - Searching for files in /opt/airflow/dags
[2025-03-17T07:50:27.554+0000] {manager.py:824} INFO - There are 0 files in /opt/airflow/dags
[2025-03-17T07:55:28.100+0000] {manager.py:821} INFO - Searching for files in /opt/airflow/dags
[2025-03-17T07:55:28.107+0000] {manager.py:824} INFO - There are 0 files in /opt/airflow/dags
[2025-03-17T08:00:28.667+0000] {manager.py:821} INFO - Searching for files in /opt/airflow/dags
[2025-03-17T08:00:28.674+0000] {manager.py:824} INFO - There are 0 files in /opt/airflow/dags
[2025-03-17T08:05:29.192+0000] {manager.py:821} INFO - Searching for files in /opt/airflow/dags
[2025-03-17T08:05:29.199+0000] {manager.py:824} INFO - There are 0 files in /opt/airflow/dags
[2025-03-17T08:10:29.725+0000] {manager.py:821} INFO - Searching for files in /opt/airflow/dags
[2025-03-17T08:10:29.733+0000] {manager.py:824} INFO - There are 0 files in /opt/airflow/dags
[2025-03-17T08:15:30.270+0000] {manager.py:821} INFO - Searching for files in /opt/airflow/dags
[2025-03-17T08:15:30.276+0000] {manager.py:824} INFO - There are 0 files in /opt/airflow/dags
[2025-03-17T08:20:30.810+0000] {manager.py:821} INFO - Searching for files in /opt/airflow/dags
[2025-03-17T08:20:30.816+0000] {manager.py:824} INFO - There are 0 files in /opt/airflow/dags
[2025-03-17T08:25:31.349+0000] {manager.py:821} INFO - Searching for files in /opt/airflow/dags
[2025-03-17T08:25:31.356+0000] {manager.py:824} INFO - There are 0 files in /opt/airflow/dags
[2025-03-17T08:30:31.902+0000] {manager.py:821} INFO - Searching for files in /opt/airflow/dags
[2025-03-17T08:30:31.919+0000] {manager.py:824} INFO - There are 0 files in /opt/airflow/dags
[2025-03-17T08:35:32.452+0000] {manager.py:821} INFO - Searching for files in /opt/airflow/dags
[2025-03-17T08:35:32.459+0000] {manager.py:824} INFO - There are 0 files in /opt/airflow/dags
[2025-03-17T08:40:32.975+0000] {manager.py:821} INFO - Searching for files in /opt/airflow/dags
[2025-03-17T08:40:32.982+0000] {manager.py:824} INFO - There are 0 files in /opt/airflow/dags
[2025-03-17T08:45:33.484+0000] {manager.py:821} INFO - Searching for files in /opt/airflow/dags
[2025-03-17T08:45:33.491+0000] {manager.py:824} INFO - There are 0 files in /opt/airflow/dags
[2025-03-17T08:50:34.022+0000] {manager.py:821} INFO - Searching for files in /opt/airflow/dags
[2025-03-17T08:50:34.027+0000] {manager.py:824} INFO - There are 0 files in /opt/airflow/dags
[2025-03-17T08:55:34.558+0000] {manager.py:821} INFO - Searching for files in /opt/airflow/dags
[2025-03-17T08:55:34.566+0000] {manager.py:824} INFO - There are 0 files in /opt/airflow/dags
[2025-03-17T09:00:35.091+0000] {manager.py:821} INFO - Searching for files in /opt/airflow/dags
[2025-03-17T09:00:35.098+0000] {manager.py:824} INFO - There are 0 files in /opt/airflow/dags
[2025-03-17T09:05:35.614+0000] {manager.py:821} INFO - Searching for files in /opt/airflow/dags
[2025-03-17T09:05:35.621+0000] {manager.py:824} INFO - There are 0 files in /opt/airflow/dags
[2025-03-17T09:19:35.264+0000] {manager.py:483} INFO - Processing files using up to 2 processes at a time 
[2025-03-17T09:19:35.273+0000] {manager.py:484} INFO - Process each file at most once every 30 seconds
[2025-03-17T09:19:35.274+0000] {manager.py:485} INFO - Checking for new files in /opt/airflow/dags every 300 seconds
[2025-03-17T09:19:35.275+0000] {manager.py:821} INFO - Searching for files in /opt/airflow/dags
[2025-03-17T09:19:35.279+0000] {manager.py:824} INFO - There are 0 files in /opt/airflow/dags
[2025-03-17T09:24:36.100+0000] {manager.py:821} INFO - Searching for files in /opt/airflow/dags
[2025-03-17T09:24:36.105+0000] {manager.py:824} INFO - There are 0 files in /opt/airflow/dags
[2025-03-17T09:29:36.932+0000] {manager.py:821} INFO - Searching for files in /opt/airflow/dags
[2025-03-17T09:29:36.936+0000] {manager.py:824} INFO - There are 0 files in /opt/airflow/dags
[2025-03-17T09:34:37.699+0000] {manager.py:821} INFO - Searching for files in /opt/airflow/dags
[2025-03-17T09:34:37.703+0000] {manager.py:824} INFO - There are 0 files in /opt/airflow/dags
[2025-03-17T09:39:38.526+0000] {manager.py:821} INFO - Searching for files in /opt/airflow/dags
[2025-03-17T09:39:38.529+0000] {manager.py:824} INFO - There are 0 files in /opt/airflow/dags
[2025-03-17T09:44:39.358+0000] {manager.py:821} INFO - Searching for files in /opt/airflow/dags
[2025-03-17T09:44:39.362+0000] {manager.py:824} INFO - There are 0 files in /opt/airflow/dags
[2025-03-17T09:49:40.290+0000] {manager.py:821} INFO - Searching for files in /opt/airflow/dags
[2025-03-17T09:49:40.294+0000] {manager.py:824} INFO - There are 0 files in /opt/airflow/dags
[2025-03-17T09:54:41.121+0000] {manager.py:821} INFO - Searching for files in /opt/airflow/dags
[2025-03-17T09:54:41.124+0000] {manager.py:824} INFO - There are 0 files in /opt/airflow/dags
[2025-03-17T09:59:41.940+0000] {manager.py:821} INFO - Searching for files in /opt/airflow/dags
[2025-03-17T09:59:41.943+0000] {manager.py:824} INFO - There are 0 files in /opt/airflow/dags
[2025-03-17T10:04:42.770+0000] {manager.py:821} INFO - Searching for files in /opt/airflow/dags
[2025-03-17T10:04:42.773+0000] {manager.py:824} INFO - There are 0 files in /opt/airflow/dags
[2025-03-17T10:09:43.588+0000] {manager.py:821} INFO - Searching for files in /opt/airflow/dags
[2025-03-17T10:09:43.598+0000] {manager.py:824} INFO - There are 0 files in /opt/airflow/dags
[2025-03-17T10:14:44.411+0000] {manager.py:821} INFO - Searching for files in /opt/airflow/dags
[2025-03-17T10:14:44.415+0000] {manager.py:824} INFO - There are 0 files in /opt/airflow/dags
[2025-03-17T10:19:45.261+0000] {manager.py:821} INFO - Searching for files in /opt/airflow/dags
[2025-03-17T10:19:45.264+0000] {manager.py:824} INFO - There are 0 files in /opt/airflow/dags
[2025-03-17T10:24:46.074+0000] {manager.py:821} INFO - Searching for files in /opt/airflow/dags
[2025-03-17T10:24:46.077+0000] {manager.py:824} INFO - There are 0 files in /opt/airflow/dags
[2025-03-17T10:29:46.919+0000] {manager.py:821} INFO - Searching for files in /opt/airflow/dags
[2025-03-17T10:29:46.924+0000] {manager.py:824} INFO - There are 0 files in /opt/airflow/dags
