[2025-05-13T14:06:14.266+0000] {processor.py:186} INFO - Started process (PID=78) to work on /opt/airflow/dags/model-training-dag.py
[2025-05-13T14:06:14.267+0000] {processor.py:914} INFO - Processing file /opt/airflow/dags/model-training-dag.py for tasks to queue
[2025-05-13T14:06:14.271+0000] {logging_mixin.py:190} INFO - [2025-05-13T14:06:14.270+0000] {dagbag.py:588} INFO - Filling up the DagBag from /opt/airflow/dags/model-training-dag.py
[2025-05-13T14:06:14.315+0000] {processor.py:925} INFO - DAG(s) 'fraud_detection_training' retrieved from /opt/airflow/dags/model-training-dag.py
[2025-05-13T14:06:14.378+0000] {logging_mixin.py:190} INFO - [2025-05-13T14:06:14.377+0000] {dag.py:3239} INFO - Sync 1 DAGs
[2025-05-13T14:06:14.439+0000] {logging_mixin.py:190} INFO - [2025-05-13T14:06:14.438+0000] {dag.py:4180} INFO - Setting next_dagrun for fraud_detection_training to 2025-05-12 03:00:00+00:00, run_after=2025-05-13 03:00:00+00:00
[2025-05-13T14:06:14.489+0000] {processor.py:208} INFO - Processing /opt/airflow/dags/model-training-dag.py took 0.238 seconds
[2025-05-13T14:06:44.645+0000] {processor.py:186} INFO - Started process (PID=85) to work on /opt/airflow/dags/model-training-dag.py
[2025-05-13T14:06:44.648+0000] {processor.py:914} INFO - Processing file /opt/airflow/dags/model-training-dag.py for tasks to queue
[2025-05-13T14:06:44.663+0000] {logging_mixin.py:190} INFO - [2025-05-13T14:06:44.656+0000] {dagbag.py:588} INFO - Filling up the DagBag from /opt/airflow/dags/model-training-dag.py
[2025-05-13T14:06:44.766+0000] {processor.py:925} INFO - DAG(s) 'fraud_detection_training' retrieved from /opt/airflow/dags/model-training-dag.py
[2025-05-13T14:06:44.888+0000] {logging_mixin.py:190} INFO - [2025-05-13T14:06:44.887+0000] {dag.py:3239} INFO - Sync 1 DAGs
[2025-05-13T14:06:45.053+0000] {logging_mixin.py:190} INFO - [2025-05-13T14:06:45.053+0000] {dag.py:4180} INFO - Setting next_dagrun for fraud_detection_training to 2025-05-12 03:00:00+00:00, run_after=2025-05-13 03:00:00+00:00
[2025-05-13T14:06:45.131+0000] {processor.py:208} INFO - Processing /opt/airflow/dags/model-training-dag.py took 0.504 seconds
[2025-05-13T14:07:15.501+0000] {processor.py:186} INFO - Started process (PID=93) to work on /opt/airflow/dags/model-training-dag.py
[2025-05-13T14:07:15.503+0000] {processor.py:914} INFO - Processing file /opt/airflow/dags/model-training-dag.py for tasks to queue
[2025-05-13T14:07:15.509+0000] {logging_mixin.py:190} INFO - [2025-05-13T14:07:15.507+0000] {dagbag.py:588} INFO - Filling up the DagBag from /opt/airflow/dags/model-training-dag.py
[2025-05-13T14:07:15.557+0000] {processor.py:925} INFO - DAG(s) 'fraud_detection_training' retrieved from /opt/airflow/dags/model-training-dag.py
[2025-05-13T14:07:15.650+0000] {logging_mixin.py:190} INFO - [2025-05-13T14:07:15.649+0000] {dag.py:3239} INFO - Sync 1 DAGs
[2025-05-13T14:07:15.699+0000] {logging_mixin.py:190} INFO - [2025-05-13T14:07:15.698+0000] {dag.py:4180} INFO - Setting next_dagrun for fraud_detection_training to 2025-05-12 03:00:00+00:00, run_after=2025-05-13 03:00:00+00:00
[2025-05-13T14:07:15.727+0000] {processor.py:208} INFO - Processing /opt/airflow/dags/model-training-dag.py took 0.242 seconds
[2025-05-13T14:07:45.798+0000] {processor.py:186} INFO - Started process (PID=100) to work on /opt/airflow/dags/model-training-dag.py
[2025-05-13T14:07:45.800+0000] {processor.py:914} INFO - Processing file /opt/airflow/dags/model-training-dag.py for tasks to queue
[2025-05-13T14:07:45.805+0000] {logging_mixin.py:190} INFO - [2025-05-13T14:07:45.804+0000] {dagbag.py:588} INFO - Filling up the DagBag from /opt/airflow/dags/model-training-dag.py
[2025-05-13T14:07:45.868+0000] {processor.py:925} INFO - DAG(s) 'fraud_detection_training' retrieved from /opt/airflow/dags/model-training-dag.py
[2025-05-13T14:07:45.936+0000] {logging_mixin.py:190} INFO - [2025-05-13T14:07:45.935+0000] {dag.py:3239} INFO - Sync 1 DAGs
[2025-05-13T14:07:46.007+0000] {logging_mixin.py:190} INFO - [2025-05-13T14:07:46.007+0000] {dag.py:4180} INFO - Setting next_dagrun for fraud_detection_training to 2025-05-12 03:00:00+00:00, run_after=2025-05-13 03:00:00+00:00
[2025-05-13T14:07:46.059+0000] {processor.py:208} INFO - Processing /opt/airflow/dags/model-training-dag.py took 0.276 seconds
[2025-05-13T14:08:16.362+0000] {processor.py:186} INFO - Started process (PID=107) to work on /opt/airflow/dags/model-training-dag.py
[2025-05-13T14:08:16.364+0000] {processor.py:914} INFO - Processing file /opt/airflow/dags/model-training-dag.py for tasks to queue
[2025-05-13T14:08:16.370+0000] {logging_mixin.py:190} INFO - [2025-05-13T14:08:16.369+0000] {dagbag.py:588} INFO - Filling up the DagBag from /opt/airflow/dags/model-training-dag.py
[2025-05-13T14:08:16.416+0000] {processor.py:925} INFO - DAG(s) 'fraud_detection_training' retrieved from /opt/airflow/dags/model-training-dag.py
[2025-05-13T14:08:16.472+0000] {logging_mixin.py:190} INFO - [2025-05-13T14:08:16.470+0000] {dag.py:3239} INFO - Sync 1 DAGs
[2025-05-13T14:08:16.515+0000] {logging_mixin.py:190} INFO - [2025-05-13T14:08:16.514+0000] {dag.py:4180} INFO - Setting next_dagrun for fraud_detection_training to 2025-05-12 03:00:00+00:00, run_after=2025-05-13 03:00:00+00:00
[2025-05-13T14:08:16.546+0000] {processor.py:208} INFO - Processing /opt/airflow/dags/model-training-dag.py took 0.192 seconds
[2025-05-13T14:08:46.683+0000] {processor.py:186} INFO - Started process (PID=115) to work on /opt/airflow/dags/model-training-dag.py
[2025-05-13T14:08:46.685+0000] {processor.py:914} INFO - Processing file /opt/airflow/dags/model-training-dag.py for tasks to queue
[2025-05-13T14:08:46.690+0000] {logging_mixin.py:190} INFO - [2025-05-13T14:08:46.689+0000] {dagbag.py:588} INFO - Filling up the DagBag from /opt/airflow/dags/model-training-dag.py
[2025-05-13T14:08:46.746+0000] {processor.py:925} INFO - DAG(s) 'fraud_detection_training' retrieved from /opt/airflow/dags/model-training-dag.py
[2025-05-13T14:08:46.832+0000] {logging_mixin.py:190} INFO - [2025-05-13T14:08:46.831+0000] {dag.py:3239} INFO - Sync 1 DAGs
[2025-05-13T14:08:46.896+0000] {logging_mixin.py:190} INFO - [2025-05-13T14:08:46.895+0000] {dag.py:4180} INFO - Setting next_dagrun for fraud_detection_training to 2025-05-12 03:00:00+00:00, run_after=2025-05-13 03:00:00+00:00
[2025-05-13T14:08:46.929+0000] {processor.py:208} INFO - Processing /opt/airflow/dags/model-training-dag.py took 0.258 seconds
[2025-05-13T14:09:17.139+0000] {processor.py:186} INFO - Started process (PID=122) to work on /opt/airflow/dags/model-training-dag.py
[2025-05-13T14:09:17.140+0000] {processor.py:914} INFO - Processing file /opt/airflow/dags/model-training-dag.py for tasks to queue
[2025-05-13T14:09:17.143+0000] {logging_mixin.py:190} INFO - [2025-05-13T14:09:17.143+0000] {dagbag.py:588} INFO - Filling up the DagBag from /opt/airflow/dags/model-training-dag.py
[2025-05-13T14:09:17.213+0000] {processor.py:925} INFO - DAG(s) 'fraud_detection_training' retrieved from /opt/airflow/dags/model-training-dag.py
[2025-05-13T14:09:17.294+0000] {logging_mixin.py:190} INFO - [2025-05-13T14:09:17.293+0000] {dag.py:3239} INFO - Sync 1 DAGs
[2025-05-13T14:09:17.342+0000] {logging_mixin.py:190} INFO - [2025-05-13T14:09:17.342+0000] {dag.py:4180} INFO - Setting next_dagrun for fraud_detection_training to 2025-05-12 03:00:00+00:00, run_after=2025-05-13 03:00:00+00:00
[2025-05-13T14:09:17.386+0000] {processor.py:208} INFO - Processing /opt/airflow/dags/model-training-dag.py took 0.256 seconds
[2025-05-13T14:09:47.544+0000] {processor.py:186} INFO - Started process (PID=129) to work on /opt/airflow/dags/model-training-dag.py
[2025-05-13T14:09:47.546+0000] {processor.py:914} INFO - Processing file /opt/airflow/dags/model-training-dag.py for tasks to queue
[2025-05-13T14:09:47.550+0000] {logging_mixin.py:190} INFO - [2025-05-13T14:09:47.549+0000] {dagbag.py:588} INFO - Filling up the DagBag from /opt/airflow/dags/model-training-dag.py
[2025-05-13T14:09:47.605+0000] {processor.py:925} INFO - DAG(s) 'fraud_detection_training' retrieved from /opt/airflow/dags/model-training-dag.py
[2025-05-13T14:09:47.874+0000] {logging_mixin.py:190} INFO - [2025-05-13T14:09:47.867+0000] {dag.py:3239} INFO - Sync 1 DAGs
[2025-05-13T14:09:47.952+0000] {logging_mixin.py:190} INFO - [2025-05-13T14:09:47.951+0000] {dag.py:4180} INFO - Setting next_dagrun for fraud_detection_training to 2025-05-12 03:00:00+00:00, run_after=2025-05-13 03:00:00+00:00
[2025-05-13T14:09:48.004+0000] {processor.py:208} INFO - Processing /opt/airflow/dags/model-training-dag.py took 0.473 seconds
[2025-05-13T14:14:26.093+0000] {processor.py:186} INFO - Started process (PID=78) to work on /opt/airflow/dags/model-training-dag.py
[2025-05-13T14:14:26.096+0000] {processor.py:914} INFO - Processing file /opt/airflow/dags/model-training-dag.py for tasks to queue
[2025-05-13T14:14:26.113+0000] {logging_mixin.py:190} INFO - [2025-05-13T14:14:26.111+0000] {dagbag.py:588} INFO - Filling up the DagBag from /opt/airflow/dags/model-training-dag.py
[2025-05-13T14:14:26.168+0000] {processor.py:925} INFO - DAG(s) 'fraud_detection_training' retrieved from /opt/airflow/dags/model-training-dag.py
[2025-05-13T14:14:26.262+0000] {logging_mixin.py:190} INFO - [2025-05-13T14:14:26.261+0000] {dag.py:3239} INFO - Sync 1 DAGs
[2025-05-13T14:14:26.338+0000] {logging_mixin.py:190} INFO - [2025-05-13T14:14:26.338+0000] {dag.py:4180} INFO - Setting next_dagrun for fraud_detection_training to 2025-05-12 03:00:00+00:00, run_after=2025-05-13 03:00:00+00:00
[2025-05-13T14:14:26.393+0000] {processor.py:208} INFO - Processing /opt/airflow/dags/model-training-dag.py took 0.318 seconds
[2025-05-13T14:14:56.478+0000] {processor.py:186} INFO - Started process (PID=85) to work on /opt/airflow/dags/model-training-dag.py
[2025-05-13T14:14:56.480+0000] {processor.py:914} INFO - Processing file /opt/airflow/dags/model-training-dag.py for tasks to queue
[2025-05-13T14:14:56.491+0000] {logging_mixin.py:190} INFO - [2025-05-13T14:14:56.486+0000] {dagbag.py:588} INFO - Filling up the DagBag from /opt/airflow/dags/model-training-dag.py
[2025-05-13T14:14:56.579+0000] {processor.py:925} INFO - DAG(s) 'fraud_detection_training' retrieved from /opt/airflow/dags/model-training-dag.py
[2025-05-13T14:14:56.684+0000] {logging_mixin.py:190} INFO - [2025-05-13T14:14:56.684+0000] {dag.py:3239} INFO - Sync 1 DAGs
[2025-05-13T14:14:56.833+0000] {logging_mixin.py:190} INFO - [2025-05-13T14:14:56.832+0000] {dag.py:4180} INFO - Setting next_dagrun for fraud_detection_training to 2025-05-12 03:00:00+00:00, run_after=2025-05-13 03:00:00+00:00
[2025-05-13T14:14:56.901+0000] {processor.py:208} INFO - Processing /opt/airflow/dags/model-training-dag.py took 0.436 seconds
[2025-05-13T14:15:27.054+0000] {processor.py:186} INFO - Started process (PID=93) to work on /opt/airflow/dags/model-training-dag.py
[2025-05-13T14:15:27.055+0000] {processor.py:914} INFO - Processing file /opt/airflow/dags/model-training-dag.py for tasks to queue
[2025-05-13T14:15:27.059+0000] {logging_mixin.py:190} INFO - [2025-05-13T14:15:27.058+0000] {dagbag.py:588} INFO - Filling up the DagBag from /opt/airflow/dags/model-training-dag.py
[2025-05-13T14:15:27.088+0000] {processor.py:925} INFO - DAG(s) 'fraud_detection_training' retrieved from /opt/airflow/dags/model-training-dag.py
[2025-05-13T14:15:27.129+0000] {logging_mixin.py:190} INFO - [2025-05-13T14:15:27.128+0000] {dag.py:3239} INFO - Sync 1 DAGs
[2025-05-13T14:15:27.183+0000] {logging_mixin.py:190} INFO - [2025-05-13T14:15:27.181+0000] {dag.py:4180} INFO - Setting next_dagrun for fraud_detection_training to 2025-05-12 03:00:00+00:00, run_after=2025-05-13 03:00:00+00:00
[2025-05-13T14:15:27.227+0000] {processor.py:208} INFO - Processing /opt/airflow/dags/model-training-dag.py took 0.183 seconds
[2025-05-13T14:15:57.506+0000] {processor.py:186} INFO - Started process (PID=100) to work on /opt/airflow/dags/model-training-dag.py
[2025-05-13T14:15:57.509+0000] {processor.py:914} INFO - Processing file /opt/airflow/dags/model-training-dag.py for tasks to queue
[2025-05-13T14:15:57.516+0000] {logging_mixin.py:190} INFO - [2025-05-13T14:15:57.515+0000] {dagbag.py:588} INFO - Filling up the DagBag from /opt/airflow/dags/model-training-dag.py
[2025-05-13T14:15:57.562+0000] {processor.py:925} INFO - DAG(s) 'fraud_detection_training' retrieved from /opt/airflow/dags/model-training-dag.py
[2025-05-13T14:15:57.642+0000] {logging_mixin.py:190} INFO - [2025-05-13T14:15:57.641+0000] {dag.py:3239} INFO - Sync 1 DAGs
[2025-05-13T14:15:57.701+0000] {logging_mixin.py:190} INFO - [2025-05-13T14:15:57.701+0000] {dag.py:4180} INFO - Setting next_dagrun for fraud_detection_training to 2025-05-12 03:00:00+00:00, run_after=2025-05-13 03:00:00+00:00
[2025-05-13T14:15:57.739+0000] {processor.py:208} INFO - Processing /opt/airflow/dags/model-training-dag.py took 0.248 seconds
[2025-05-13T14:16:27.878+0000] {processor.py:186} INFO - Started process (PID=107) to work on /opt/airflow/dags/model-training-dag.py
[2025-05-13T14:16:27.880+0000] {processor.py:914} INFO - Processing file /opt/airflow/dags/model-training-dag.py for tasks to queue
[2025-05-13T14:16:27.891+0000] {logging_mixin.py:190} INFO - [2025-05-13T14:16:27.887+0000] {dagbag.py:588} INFO - Filling up the DagBag from /opt/airflow/dags/model-training-dag.py
[2025-05-13T14:16:27.954+0000] {processor.py:925} INFO - DAG(s) 'fraud_detection_training' retrieved from /opt/airflow/dags/model-training-dag.py
[2025-05-13T14:16:28.044+0000] {logging_mixin.py:190} INFO - [2025-05-13T14:16:28.043+0000] {dag.py:3239} INFO - Sync 1 DAGs
[2025-05-13T14:16:28.096+0000] {logging_mixin.py:190} INFO - [2025-05-13T14:16:28.095+0000] {dag.py:4180} INFO - Setting next_dagrun for fraud_detection_training to 2025-05-12 03:00:00+00:00, run_after=2025-05-13 03:00:00+00:00
[2025-05-13T14:16:28.135+0000] {processor.py:208} INFO - Processing /opt/airflow/dags/model-training-dag.py took 0.278 seconds
[2025-05-13T14:16:58.441+0000] {processor.py:186} INFO - Started process (PID=115) to work on /opt/airflow/dags/model-training-dag.py
[2025-05-13T14:16:58.443+0000] {processor.py:914} INFO - Processing file /opt/airflow/dags/model-training-dag.py for tasks to queue
[2025-05-13T14:16:58.448+0000] {logging_mixin.py:190} INFO - [2025-05-13T14:16:58.447+0000] {dagbag.py:588} INFO - Filling up the DagBag from /opt/airflow/dags/model-training-dag.py
[2025-05-13T14:16:58.490+0000] {processor.py:925} INFO - DAG(s) 'fraud_detection_training' retrieved from /opt/airflow/dags/model-training-dag.py
[2025-05-13T14:16:58.545+0000] {logging_mixin.py:190} INFO - [2025-05-13T14:16:58.545+0000] {dag.py:3239} INFO - Sync 1 DAGs
[2025-05-13T14:16:58.602+0000] {logging_mixin.py:190} INFO - [2025-05-13T14:16:58.601+0000] {dag.py:4180} INFO - Setting next_dagrun for fraud_detection_training to 2025-05-12 03:00:00+00:00, run_after=2025-05-13 03:00:00+00:00
[2025-05-13T14:16:58.642+0000] {processor.py:208} INFO - Processing /opt/airflow/dags/model-training-dag.py took 0.213 seconds
[2025-05-13T14:21:39.533+0000] {processor.py:186} INFO - Started process (PID=122) to work on /opt/airflow/dags/model-training-dag.py
